Arguments: 
  /opt/homebrew/Cellar/node/19.3.0/bin/node /opt/homebrew/Cellar/yarn/1.22.19/libexec/bin/yarn.js build --watch

PATH: 
  /Users/alexmcdermid/.gem/ruby/3.1.2/bin:/Users/alexmcdermid/.rubies/ruby-3.1.2/lib/ruby/gems/3.1.0/bin:/Users/alexmcdermid/.rubies/ruby-3.1.2/bin:/opt/homebrew/bin:/opt/homebrew/sbin:/usr/local/bin:/System/Cryptexes/App/usr/bin:/usr/bin:/bin:/usr/sbin:/sbin:/opt/homebrew/bin:/opt/homebrew/sbin

Yarn version: 
  1.22.19

Node version: 
  19.3.0

Platform: 
  darwin arm64

Trace: 
  SyntaxError: /Users/alexmcdermid/code/awd7/depot/package.json: Expected double-quoted property name in JSON at position 100
      at JSON.parse (<anonymous>)
      at /opt/homebrew/Cellar/yarn/1.22.19/libexec/lib/cli.js:1629:59
      at Generator.next (<anonymous>)
      at step (/opt/homebrew/Cellar/yarn/1.22.19/libexec/lib/cli.js:310:30)
      at /opt/homebrew/Cellar/yarn/1.22.19/libexec/lib/cli.js:321:13

npm manifest: 
  {
    "name": "app",
    "private": "true",
    "dependencies": {
      "@hotwired/stimulus": "^3.0.1",
      ...
    },
    "scripts": {
      "build": "esbuild app/javascript/*.* --bundle --sourcemap --outdir=app/assets/builds",
      "build:css": "tailwindcss -i ./app/assets/stylesheets/application.tailwind.css -o ./app/assets/builds/application.css"
    }
  }

yarn manifest: 
  No manifest

Lockfile: 
  No lockfile
